2018-07-04 16:35:52 [twisted] CRITICAL: Unhandled error in Deferred:
2018-07-04 16:35:52 [twisted] CRITICAL: 
Traceback (most recent call last):
  File "/home/python/.virtualenvs/py3_spider/lib/python3.5/site-packages/scrapy/utils/misc.py", line 47, in load_object
    obj = getattr(mod, name)
AttributeError: module 'court.pipelines' has no attribute 'CourtPipeline'

During handling of the above exception, another exception occurred:

Traceback (most recent call last):
  File "/home/python/.virtualenvs/py3_spider/lib/python3.5/site-packages/twisted/internet/defer.py", line 1386, in _inlineCallbacks
    result = g.send(result)
  File "/home/python/.virtualenvs/py3_spider/lib/python3.5/site-packages/scrapy/crawler.py", line 77, in crawl
    self.engine = self._create_engine()
  File "/home/python/.virtualenvs/py3_spider/lib/python3.5/site-packages/scrapy/crawler.py", line 102, in _create_engine
    return ExecutionEngine(self, lambda _: self.stop())
  File "/home/python/.virtualenvs/py3_spider/lib/python3.5/site-packages/scrapy/core/engine.py", line 70, in __init__
    self.scraper = Scraper(crawler)
  File "/home/python/.virtualenvs/py3_spider/lib/python3.5/site-packages/scrapy/core/scraper.py", line 71, in __init__
    self.itemproc = itemproc_cls.from_crawler(crawler)
  File "/home/python/.virtualenvs/py3_spider/lib/python3.5/site-packages/scrapy/middleware.py", line 58, in from_crawler
    return cls.from_settings(crawler.settings, crawler)
  File "/home/python/.virtualenvs/py3_spider/lib/python3.5/site-packages/scrapy/middleware.py", line 34, in from_settings
    mwcls = load_object(clspath)
  File "/home/python/.virtualenvs/py3_spider/lib/python3.5/site-packages/scrapy/utils/misc.py", line 49, in load_object
    raise NameError("Module '%s' doesn't define any object named '%s'" % (module, name))
NameError: Module 'court.pipelines' doesn't define any object named 'CourtPipeline'
